  [4;36;1mSQL (0.4ms)[0m   [0;1mSET NAMES 'utf8'[0m
  [4;35;1mSQL (0.1ms)[0m   [0mSET SQL_AUTO_IS_NULL=0[0m
  [4;36;1mSQL (0.2ms)[0m   [0;1mSET NAMES 'utf8'[0m
  [4;35;1mSQL (0.1ms)[0m   [0mSET SQL_AUTO_IS_NULL=0[0m
  [4;36;1mSQL (0.3ms)[0m   [0;1mSET NAMES 'utf8'[0m
  [4;35;1mSQL (0.2ms)[0m   [0mSET SQL_AUTO_IS_NULL=0[0m
  [4;36;1mSQL (0.2ms)[0m   [0;1mSET NAMES 'utf8'[0m
  [4;35;1mSQL (0.1ms)[0m   [0mSET SQL_AUTO_IS_NULL=0[0m
  [4;36;1mSQL (30.8ms)[0m   [0;1mSHOW TABLES[0m
  [4;35;1mSQL (62.0ms)[0m   [0mSELECT version FROM schema_migrations[0m
Migrating to CreateCategories (20090116061809)
  [4;36;1mSQL (144.9ms)[0m   [0;1mCREATE TABLE `categories` (`id` int(11) DEFAULT NULL auto_increment PRIMARY KEY, `title` varchar(255), `created_at` datetime, `updated_at` datetime) ENGINE=InnoDB[0m
  [4;35;1mSQL (1.0ms)[0m   [0mINSERT INTO schema_migrations (version) VALUES ('20090116061809')[0m
  [4;36;1mSQL (0.5ms)[0m   [0;1mSHOW TABLES[0m
  [4;35;1mSQL (0.2ms)[0m   [0mSELECT version FROM schema_migrations[0m
  [4;36;1mSQL (0.3ms)[0m   [0;1mSHOW TABLES[0m
  [4;35;1mSQL (39.8ms)[0m   [0mSHOW FIELDS FROM `categories`[0m
  [4;36;1mSQL (1.4ms)[0m   [0;1mdescribe `categories`[0m
  [4;35;1mSQL (15.9ms)[0m   [0mSHOW KEYS FROM `categories`[0m


Processing ApplicationController#index (for 127.0.0.1 at 2009-01-15 22:22:25) [GET]


ActionController::RoutingError (No route matches "/category" with {:method=>:get}):
    /Library/Ruby/Gems/1.8/gems/actionpack-2.2.2/lib/action_controller/routing/recognition_optimisation.rb:66:in `recognize_path'
    /Library/Ruby/Gems/1.8/gems/actionpack-2.2.2/lib/action_controller/routing/route_set.rb:386:in `recognize'
    /Library/Ruby/Gems/1.8/gems/actionpack-2.2.2/lib/action_controller/dispatcher.rb:182:in `handle_request'
    /Library/Ruby/Gems/1.8/gems/actionpack-2.2.2/lib/action_controller/dispatcher.rb:110:in `dispatch_unlocked'
    /Library/Ruby/Gems/1.8/gems/actionpack-2.2.2/lib/action_controller/dispatcher.rb:123:in `dispatch'
    /Library/Ruby/Gems/1.8/gems/actionpack-2.2.2/lib/action_controller/dispatcher.rb:122:in `synchronize'
    /Library/Ruby/Gems/1.8/gems/actionpack-2.2.2/lib/action_controller/dispatcher.rb:122:in `dispatch'
    /Library/Ruby/Gems/1.8/gems/actionpack-2.2.2/lib/action_controller/dispatcher.rb:132:in `dispatch_cgi'
    /Library/Ruby/Gems/1.8/gems/actionpack-2.2.2/lib/action_controller/dispatcher.rb:39:in `dispatch'
    /Library/Ruby/Gems/1.8/gems/mongrel-1.1.5/bin/../lib/mongrel/rails.rb:76:in `process'
    /Library/Ruby/Gems/1.8/gems/mongrel-1.1.5/bin/../lib/mongrel/rails.rb:74:in `synchronize'
    /Library/Ruby/Gems/1.8/gems/mongrel-1.1.5/bin/../lib/mongrel/rails.rb:74:in `process'
    /Library/Ruby/Gems/1.8/gems/mongrel-1.1.5/lib/mongrel.rb:159:in `process_client'
    /Library/Ruby/Gems/1.8/gems/mongrel-1.1.5/lib/mongrel.rb:158:in `each'
    /Library/Ruby/Gems/1.8/gems/mongrel-1.1.5/lib/mongrel.rb:158:in `process_client'
    /Library/Ruby/Gems/1.8/gems/mongrel-1.1.5/lib/mongrel.rb:285:in `run'
    /Library/Ruby/Gems/1.8/gems/mongrel-1.1.5/lib/mongrel.rb:285:in `initialize'
    /Library/Ruby/Gems/1.8/gems/mongrel-1.1.5/lib/mongrel.rb:285:in `new'
    /Library/Ruby/Gems/1.8/gems/mongrel-1.1.5/lib/mongrel.rb:285:in `run'
    /Library/Ruby/Gems/1.8/gems/mongrel-1.1.5/lib/mongrel.rb:268:in `initialize'
    /Library/Ruby/Gems/1.8/gems/mongrel-1.1.5/lib/mongrel.rb:268:in `new'
    /Library/Ruby/Gems/1.8/gems/mongrel-1.1.5/lib/mongrel.rb:268:in `run'
    /Library/Ruby/Gems/1.8/gems/mongrel-1.1.5/lib/mongrel/configurator.rb:282:in `run'
    /Library/Ruby/Gems/1.8/gems/mongrel-1.1.5/lib/mongrel/configurator.rb:281:in `each'
    /Library/Ruby/Gems/1.8/gems/mongrel-1.1.5/lib/mongrel/configurator.rb:281:in `run'
    /Library/Ruby/Gems/1.8/gems/mongrel-1.1.5/bin/mongrel_rails:128:in `run'
    /Library/Ruby/Gems/1.8/gems/mongrel-1.1.5/lib/mongrel/command.rb:212:in `run'
    /Library/Ruby/Gems/1.8/gems/mongrel-1.1.5/bin/mongrel_rails:281
    /Users/work/.gem/ruby/1.8/gems/activesupport-2.2.2/lib/active_support/dependencies.rb:142:in `load_without_new_constant_marking'
    /Users/work/.gem/ruby/1.8/gems/activesupport-2.2.2/lib/active_support/dependencies.rb:142:in `load'
    /Users/work/.gem/ruby/1.8/gems/activesupport-2.2.2/lib/active_support/dependencies.rb:521:in `new_constants_in'
    /Users/work/.gem/ruby/1.8/gems/activesupport-2.2.2/lib/active_support/dependencies.rb:142:in `load'
    /Library/Ruby/Gems/1.8/gems/rails-2.2.2/lib/commands/servers/mongrel.rb:64
    /Library/Ruby/Site/1.8/rubygems/custom_require.rb:31:in `gem_original_require'
    /Library/Ruby/Site/1.8/rubygems/custom_require.rb:31:in `require'
    /Users/work/.gem/ruby/1.8/gems/activesupport-2.2.2/lib/active_support/dependencies.rb:153:in `require'
    /Users/work/.gem/ruby/1.8/gems/activesupport-2.2.2/lib/active_support/dependencies.rb:521:in `new_constants_in'
    /Users/work/.gem/ruby/1.8/gems/activesupport-2.2.2/lib/active_support/dependencies.rb:153:in `require'
    /Library/Ruby/Gems/1.8/gems/rails-2.2.2/lib/commands/server.rb:49
    /Library/Ruby/Site/1.8/rubygems/custom_require.rb:31:in `gem_original_require'
    /Library/Ruby/Site/1.8/rubygems/custom_require.rb:31:in `require'
    script/server:3

Rendering /Library/Ruby/Gems/1.8/gems/actionpack-2.2.2/lib/action_controller/templates/rescues/layout.erb (not_found)


Processing CategoriesController#index (for 127.0.0.1 at 2009-01-15 22:22:28) [GET]
  [4;36;1mSQL (0.2ms)[0m   [0;1mSET NAMES 'utf8'[0m
  [4;35;1mSQL (0.1ms)[0m   [0mSET SQL_AUTO_IS_NULL=0[0m
  [4;36;1mCategory Load (0.4ms)[0m   [0;1mSELECT * FROM `categories` [0m
Rendering template within layouts/categories
Rendering categories/index
Completed in 8ms (View: 3, DB: 1) | 200 OK [http://localhost/categories]


Processing CategoriesController#new (for 127.0.0.1 at 2009-01-15 22:22:33) [GET]
  [4;35;1mSQL (0.1ms)[0m   [0mSET NAMES 'utf8'[0m
  [4;36;1mSQL (0.1ms)[0m   [0;1mSET SQL_AUTO_IS_NULL=0[0m
  [4;35;1mCategory Columns (14.1ms)[0m   [0mSHOW FIELDS FROM `categories`[0m
Rendering template within layouts/categories
Rendering categories/new
Completed in 26ms (View: 8, DB: 14) | 200 OK [http://localhost/categories/new]


Processing CategoriesController#create (for 127.0.0.1 at 2009-01-15 22:22:38) [POST]
  Parameters: {"category"=>{"title"=>"new test category"}, "commit"=>"Create", "authenticity_token"=>"9b7ce5424370d1dda16b81c86b540b78b245dade"}
  [4;36;1mSQL (0.1ms)[0m   [0;1mSET NAMES 'utf8'[0m
  [4;35;1mSQL (0.1ms)[0m   [0mSET SQL_AUTO_IS_NULL=0[0m
  [4;36;1mCategory Columns (1.8ms)[0m   [0;1mSHOW FIELDS FROM `categories`[0m
  [4;35;1mSQL (0.1ms)[0m   [0mBEGIN[0m
  [4;36;1mCategory Create (0.3ms)[0m   [0;1mINSERT INTO `categories` (`updated_at`, `title`, `created_at`) VALUES('2009-01-16 06:22:38', 'new test category', '2009-01-16 06:22:38')[0m
  [4;35;1mSQL (0.5ms)[0m   [0mCOMMIT[0m
Redirected to #<Category:0x217e4ac>
Completed in 9ms (DB: 3) | 302 Found [http://localhost/categories]


Processing CategoriesController#show (for 127.0.0.1 at 2009-01-15 22:22:38) [GET]
  Parameters: {"id"=>"1"}
  [4;36;1mSQL (0.1ms)[0m   [0;1mSET NAMES 'utf8'[0m
  [4;35;1mSQL (0.1ms)[0m   [0mSET SQL_AUTO_IS_NULL=0[0m
  [4;36;1mCategory Columns (6.0ms)[0m   [0;1mSHOW FIELDS FROM `categories`[0m
  [4;35;1mCategory Load (63.4ms)[0m   [0mSELECT * FROM `categories` WHERE (`categories`.`id` = 1) [0m
Rendering template within layouts/categories
Rendering categories/show
Completed in 80ms (View: 5, DB: 70) | 200 OK [http://localhost/categories/1]


Processing CategoriesController#index (for 127.0.0.1 at 2009-01-15 22:22:40) [GET]
  [4;36;1mSQL (0.1ms)[0m   [0;1mSET NAMES 'utf8'[0m
  [4;35;1mSQL (0.1ms)[0m   [0mSET SQL_AUTO_IS_NULL=0[0m
  [4;36;1mCategory Load (0.3ms)[0m   [0;1mSELECT * FROM `categories` [0m
Rendering template within layouts/categories
Rendering categories/index
  [4;35;1mCategory Columns (13.1ms)[0m   [0mSHOW FIELDS FROM `categories`[0m
Completed in 24ms (View: 6, DB: 14) | 200 OK [http://localhost/categories]
  [4;36;1mSQL (0.2ms)[0m   [0;1mSET NAMES 'utf8'[0m
  [4;35;1mSQL (0.1ms)[0m   [0mSET SQL_AUTO_IS_NULL=0[0m
  [4;36;1mSQL (58.5ms)[0m   [0;1mDROP DATABASE IF EXISTS `todolist_development`[0m
  [4;35;1mSQL (0.6ms)[0m   [0mDROP DATABASE IF EXISTS `todolist_production`[0m
  [4;36;1mSQL (42.5ms)[0m   [0;1mDROP DATABASE IF EXISTS `todolist_test`[0m
  [4;36;1mSQL (0.2ms)[0m   [0;1mSET NAMES 'utf8'[0m
  [4;35;1mSQL (0.1ms)[0m   [0mSET SQL_AUTO_IS_NULL=0[0m
  [4;36;1mSQL (0.5ms)[0m   [0;1mCREATE DATABASE `todolist_development` DEFAULT CHARACTER SET `utf8` COLLATE `utf8_general_ci`[0m
  [4;35;1mSQL (0.1ms)[0m   [0mSET NAMES 'utf8'[0m
  [4;36;1mSQL (0.1ms)[0m   [0;1mSET SQL_AUTO_IS_NULL=0[0m
  [4;35;1mSQL (0.4ms)[0m   [0mCREATE DATABASE `todolist_production` DEFAULT CHARACTER SET `utf8` COLLATE `utf8_general_ci`[0m
  [4;36;1mSQL (0.1ms)[0m   [0;1mSET NAMES 'utf8'[0m
  [4;35;1mSQL (0.1ms)[0m   [0mSET SQL_AUTO_IS_NULL=0[0m
  [4;36;1mSQL (0.4ms)[0m   [0;1mCREATE DATABASE `todolist_test` DEFAULT CHARACTER SET `utf8` COLLATE `utf8_general_ci`[0m
  [4;36;1mSQL (0.2ms)[0m   [0;1mSET NAMES 'utf8'[0m
  [4;35;1mSQL (0.1ms)[0m   [0mSET SQL_AUTO_IS_NULL=0[0m
  [4;36;1mSQL (0.7ms)[0m   [0;1mDROP DATABASE IF EXISTS `todolist_development`[0m
  [4;35;1mSQL (0.4ms)[0m   [0mDROP DATABASE IF EXISTS `todolist_production`[0m
  [4;36;1mSQL (0.4ms)[0m   [0;1mDROP DATABASE IF EXISTS `todolist_test`[0m
  [4;36;1mSQL (0.2ms)[0m   [0;1mSET NAMES 'utf8'[0m
  [4;35;1mSQL (0.1ms)[0m   [0mSET SQL_AUTO_IS_NULL=0[0m
  [4;36;1mSQL (0.5ms)[0m   [0;1mCREATE DATABASE `todolist_development` DEFAULT CHARACTER SET `utf8` COLLATE `utf8_general_ci`[0m
  [4;35;1mSQL (0.1ms)[0m   [0mSET NAMES 'utf8'[0m
  [4;36;1mSQL (0.1ms)[0m   [0;1mSET SQL_AUTO_IS_NULL=0[0m
  [4;35;1mSQL (0.4ms)[0m   [0mCREATE DATABASE `todolist_production` DEFAULT CHARACTER SET `utf8` COLLATE `utf8_general_ci`[0m
  [4;36;1mSQL (0.1ms)[0m   [0;1mSET NAMES 'utf8'[0m
  [4;35;1mSQL (0.1ms)[0m   [0mSET SQL_AUTO_IS_NULL=0[0m
  [4;36;1mSQL (0.4ms)[0m   [0;1mCREATE DATABASE `todolist_test` DEFAULT CHARACTER SET `utf8` COLLATE `utf8_general_ci`[0m
  [4;36;1mSQL (0.2ms)[0m   [0;1mSET NAMES 'utf8'[0m
  [4;35;1mSQL (0.1ms)[0m   [0mSET SQL_AUTO_IS_NULL=0[0m
  [4;36;1mSQL (0.4ms)[0m   [0;1mSHOW TABLES[0m
  [4;35;1mSQL (542.2ms)[0m   [0mCREATE TABLE `schema_migrations` (`version` varchar(255) NOT NULL) ENGINE=InnoDB[0m
  [4;36;1mSQL (204.3ms)[0m   [0;1mCREATE UNIQUE INDEX `unique_schema_migrations` ON `schema_migrations` (`version`)[0m
  [4;35;1mSQL (0.4ms)[0m   [0mSHOW TABLES[0m
  [4;36;1mSQL (0.3ms)[0m   [0;1mSELECT version FROM schema_migrations[0m
Migrating to CreateCategories (20090116061809)
  [4;35;1mSQL (179.5ms)[0m   [0mCREATE TABLE `categories` (`id` int(11) DEFAULT NULL auto_increment PRIMARY KEY, `title` varchar(255), `created_at` datetime, `updated_at` datetime) ENGINE=InnoDB[0m
  [4;36;1mSQL (33.9ms)[0m   [0;1mINSERT INTO schema_migrations (version) VALUES ('20090116061809')[0m
  [4;35;1mSQL (0.7ms)[0m   [0mSHOW TABLES[0m
  [4;36;1mSQL (0.2ms)[0m   [0;1mSELECT version FROM schema_migrations[0m
  [4;35;1mSQL (0.4ms)[0m   [0mSHOW TABLES[0m
  [4;36;1mSQL (2.4ms)[0m   [0;1mSHOW FIELDS FROM `categories`[0m
  [4;35;1mSQL (1.5ms)[0m   [0mdescribe `categories`[0m
  [4;36;1mSQL (0.7ms)[0m   [0;1mSHOW KEYS FROM `categories`[0m


Processing CategoriesController#new (for 127.0.0.1 at 2009-01-15 22:40:31) [GET]
  [4;36;1mSQL (0.1ms)[0m   [0;1mSET NAMES 'utf8'[0m
  [4;35;1mSQL (0.1ms)[0m   [0mSET SQL_AUTO_IS_NULL=0[0m
  [4;36;1mCategory Columns (12.9ms)[0m   [0;1mSHOW FIELDS FROM `categories`[0m
Rendering template within layouts/categories
Rendering categories/new
Completed in 24ms (View: 6, DB: 13) | 200 OK [http://localhost/categories/new]


Processing CategoriesController#create (for 127.0.0.1 at 2009-01-15 22:40:36) [POST]
  Parameters: {"category"=>{"title"=>"new test category"}, "commit"=>"Create", "authenticity_token"=>"9b7ce5424370d1dda16b81c86b540b78b245dade"}
  [4;35;1mSQL (0.1ms)[0m   [0mSET NAMES 'utf8'[0m
  [4;36;1mSQL (0.2ms)[0m   [0;1mSET SQL_AUTO_IS_NULL=0[0m
  [4;35;1mCategory Columns (12.8ms)[0m   [0mSHOW FIELDS FROM `categories`[0m
  [4;36;1mSQL (0.1ms)[0m   [0;1mBEGIN[0m
  [4;35;1mCategory Exists (29.2ms)[0m   [0mSELECT `categories`.id FROM `categories` WHERE (`categories`.`title` = BINARY 'new test category') LIMIT 1[0m
  [4;36;1mCategory Create (0.3ms)[0m   [0;1mINSERT INTO `categories` (`updated_at`, `title`, `created_at`) VALUES('2009-01-16 06:40:36', 'new test category', '2009-01-16 06:40:36')[0m
  [4;35;1mSQL (0.6ms)[0m   [0mCOMMIT[0m
Redirected to #<Category:0x1ffc9f8>
Completed in 52ms (DB: 43) | 302 Found [http://localhost/categories]


Processing CategoriesController#show (for 127.0.0.1 at 2009-01-15 22:40:36) [GET]
  Parameters: {"id"=>"1"}
  [4;36;1mSQL (0.1ms)[0m   [0;1mSET NAMES 'utf8'[0m
  [4;35;1mSQL (0.1ms)[0m   [0mSET SQL_AUTO_IS_NULL=0[0m
  [4;36;1mCategory Columns (1.7ms)[0m   [0;1mSHOW FIELDS FROM `categories`[0m
  [4;35;1mCategory Load (11.8ms)[0m   [0mSELECT * FROM `categories` WHERE (`categories`.`id` = 1) [0m
Rendering template within layouts/categories
Rendering categories/show
Completed in 24ms (View: 5, DB: 14) | 200 OK [http://localhost/categories/1]


Processing CategoriesController#index (for 127.0.0.1 at 2009-01-15 22:43:21) [GET]
  [4;36;1mSQL (0.1ms)[0m   [0;1mSET NAMES 'utf8'[0m
  [4;35;1mSQL (0.1ms)[0m   [0mSET SQL_AUTO_IS_NULL=0[0m
  [4;36;1mCategory Load (0.4ms)[0m   [0;1mSELECT * FROM `categories` [0m
Rendering template within layouts/categories
Rendering categories/index
  [4;35;1mCategory Columns (12.4ms)[0m   [0mSHOW FIELDS FROM `categories`[0m
Completed in 85ms (View: 7, DB: 13) | 200 OK [http://localhost/categories]


Processing CategoriesController#new (for 127.0.0.1 at 2009-01-15 22:43:23) [GET]
  [4;36;1mSQL (0.2ms)[0m   [0;1mSET NAMES 'utf8'[0m
  [4;35;1mSQL (0.1ms)[0m   [0mSET SQL_AUTO_IS_NULL=0[0m
  [4;36;1mCategory Columns (1.9ms)[0m   [0;1mSHOW FIELDS FROM `categories`[0m
Rendering template within layouts/categories
Rendering categories/new
Completed in 13ms (View: 6, DB: 2) | 200 OK [http://localhost/categories/new]


Processing CategoriesController#create (for 127.0.0.1 at 2009-01-15 22:43:27) [POST]
  Parameters: {"category"=>{"title"=>"new test category"}, "commit"=>"Create", "authenticity_token"=>"9b7ce5424370d1dda16b81c86b540b78b245dade"}
  [4;35;1mSQL (0.1ms)[0m   [0mSET NAMES 'utf8'[0m
  [4;36;1mSQL (0.1ms)[0m   [0;1mSET SQL_AUTO_IS_NULL=0[0m
  [4;35;1mCategory Columns (14.6ms)[0m   [0mSHOW FIELDS FROM `categories`[0m
  [4;36;1mSQL (0.1ms)[0m   [0;1mBEGIN[0m
  [4;35;1mCategory Exists (0.3ms)[0m   [0mSELECT `categories`.id FROM `categories` WHERE (`categories`.`title` = BINARY 'new test category') LIMIT 1[0m
  [4;36;1mSQL (0.1ms)[0m   [0;1mROLLBACK[0m
Rendering template within layouts/categories
Rendering categories/new
Completed in 30ms (View: 4, DB: 15) | 200 OK [http://localhost/categories]


Processing CategoriesController#create (for 127.0.0.1 at 2009-01-15 22:43:31) [POST]
  Parameters: {"category"=>{"title"=>"new test categories"}, "commit"=>"Create", "authenticity_token"=>"9b7ce5424370d1dda16b81c86b540b78b245dade"}
  [4;35;1mSQL (0.2ms)[0m   [0mSET NAMES 'utf8'[0m
  [4;36;1mSQL (0.1ms)[0m   [0;1mSET SQL_AUTO_IS_NULL=0[0m
  [4;35;1mCategory Columns (1.5ms)[0m   [0mSHOW FIELDS FROM `categories`[0m
  [4;36;1mSQL (0.1ms)[0m   [0;1mBEGIN[0m
  [4;35;1mCategory Exists (0.3ms)[0m   [0mSELECT `categories`.id FROM `categories` WHERE (`categories`.`title` = BINARY 'new test categories') LIMIT 1[0m
  [4;36;1mCategory Create (0.2ms)[0m   [0;1mINSERT INTO `categories` (`updated_at`, `title`, `created_at`) VALUES('2009-01-16 06:43:31', 'new test categories', '2009-01-16 06:43:31')[0m
  [4;35;1mSQL (0.5ms)[0m   [0mCOMMIT[0m
Redirected to #<Category:0x22743e8>
Completed in 10ms (DB: 3) | 302 Found [http://localhost/categories]


Processing CategoriesController#show (for 127.0.0.1 at 2009-01-15 22:43:31) [GET]
  Parameters: {"id"=>"2"}
  [4;36;1mSQL (0.1ms)[0m   [0;1mSET NAMES 'utf8'[0m
  [4;35;1mSQL (0.1ms)[0m   [0mSET SQL_AUTO_IS_NULL=0[0m
  [4;36;1mCategory Columns (1.6ms)[0m   [0;1mSHOW FIELDS FROM `categories`[0m
  [4;35;1mCategory Load (0.2ms)[0m   [0mSELECT * FROM `categories` WHERE (`categories`.`id` = 2) [0m
Rendering template within layouts/categories
Rendering categories/show
Completed in 9ms (View: 3, DB: 2) | 200 OK [http://localhost/categories/2]


Processing CategoriesController#index (for 127.0.0.1 at 2009-01-15 22:43:33) [GET]
  [4;36;1mSQL (0.1ms)[0m   [0;1mSET NAMES 'utf8'[0m
  [4;35;1mSQL (0.1ms)[0m   [0mSET SQL_AUTO_IS_NULL=0[0m
  [4;36;1mCategory Load (0.3ms)[0m   [0;1mSELECT * FROM `categories` [0m
Rendering template within layouts/categories
Rendering categories/index
  [4;35;1mCategory Columns (12.0ms)[0m   [0mSHOW FIELDS FROM `categories`[0m
Completed in 23ms (View: 7, DB: 12) | 200 OK [http://localhost/categories]


Processing ApplicationController#index (for 127.0.0.1 at 2009-01-15 22:51:52) [GET]


SyntaxError (/Users/work/Documents/Projects/todolist/app/controllers/categories_controller.rb:37: syntax error, unexpected ')', expecting '}'
        format.html { redirect_to :action=>"index") }
                                                   ^
/Users/work/Documents/Projects/todolist/app/controllers/categories_controller.rb:39: syntax error, unexpected kELSE, expecting '}'
/Users/work/Documents/Projects/todolist/app/controllers/categories_controller.rb:42: syntax error, unexpected kEND, expecting '}'
/Users/work/Documents/Projects/todolist/app/controllers/categories_controller.rb:74: syntax error, unexpected kEND, expecting '}'):
    /Users/work/.gem/ruby/1.8/gems/activesupport-2.2.2/lib/active_support/dependencies.rb:382:in `load_without_new_constant_marking'
    /Users/work/.gem/ruby/1.8/gems/activesupport-2.2.2/lib/active_support/dependencies.rb:382:in `load_file'
    /Users/work/.gem/ruby/1.8/gems/activesupport-2.2.2/lib/active_support/dependencies.rb:521:in `new_constants_in'
    /Users/work/.gem/ruby/1.8/gems/activesupport-2.2.2/lib/active_support/dependencies.rb:381:in `load_file'
    /Users/work/.gem/ruby/1.8/gems/activesupport-2.2.2/lib/active_support/dependencies.rb:256:in `require_or_load'
    /Users/work/.gem/ruby/1.8/gems/activesupport-2.2.2/lib/active_support/dependencies.rb:427:in `load_missing_constant'
    /Users/work/.gem/ruby/1.8/gems/activesupport-2.2.2/lib/active_support/dependencies.rb:77:in `const_missing'
    /Users/work/.gem/ruby/1.8/gems/activesupport-2.2.2/lib/active_support/dependencies.rb:89:in `const_missing'
    /Users/work/.gem/ruby/1.8/gems/activesupport-2.2.2/lib/active_support/inflector.rb:352:in `constantize'
    /Users/work/.gem/ruby/1.8/gems/activesupport-2.2.2/lib/active_support/inflector.rb:351:in `each'
    /Users/work/.gem/ruby/1.8/gems/activesupport-2.2.2/lib/active_support/inflector.rb:351:in `constantize'
    /Users/work/.gem/ruby/1.8/gems/activesupport-2.2.2/lib/active_support/core_ext/string/inflections.rb:162:in `constantize'
    /Library/Ruby/Gems/1.8/gems/actionpack-2.2.2/lib/action_controller/routing/route_set.rb:388:in `recognize'
    /Library/Ruby/Gems/1.8/gems/actionpack-2.2.2/lib/action_controller/dispatcher.rb:182:in `handle_request'
    /Library/Ruby/Gems/1.8/gems/actionpack-2.2.2/lib/action_controller/dispatcher.rb:110:in `dispatch_unlocked'
    /Library/Ruby/Gems/1.8/gems/actionpack-2.2.2/lib/action_controller/dispatcher.rb:123:in `dispatch'
    /Library/Ruby/Gems/1.8/gems/actionpack-2.2.2/lib/action_controller/dispatcher.rb:122:in `synchronize'
    /Library/Ruby/Gems/1.8/gems/actionpack-2.2.2/lib/action_controller/dispatcher.rb:122:in `dispatch'
    /Library/Ruby/Gems/1.8/gems/actionpack-2.2.2/lib/action_controller/dispatcher.rb:132:in `dispatch_cgi'
    /Library/Ruby/Gems/1.8/gems/actionpack-2.2.2/lib/action_controller/dispatcher.rb:39:in `dispatch'
    /Library/Ruby/Gems/1.8/gems/mongrel-1.1.5/bin/../lib/mongrel/rails.rb:76:in `process'
    /Library/Ruby/Gems/1.8/gems/mongrel-1.1.5/bin/../lib/mongrel/rails.rb:74:in `synchronize'
    /Library/Ruby/Gems/1.8/gems/mongrel-1.1.5/bin/../lib/mongrel/rails.rb:74:in `process'
    /Library/Ruby/Gems/1.8/gems/mongrel-1.1.5/lib/mongrel.rb:159:in `process_client'
    /Library/Ruby/Gems/1.8/gems/mongrel-1.1.5/lib/mongrel.rb:158:in `each'
    /Library/Ruby/Gems/1.8/gems/mongrel-1.1.5/lib/mongrel.rb:158:in `process_client'
    /Library/Ruby/Gems/1.8/gems/mongrel-1.1.5/lib/mongrel.rb:285:in `run'
    /Library/Ruby/Gems/1.8/gems/mongrel-1.1.5/lib/mongrel.rb:285:in `initialize'
    /Library/Ruby/Gems/1.8/gems/mongrel-1.1.5/lib/mongrel.rb:285:in `new'
    /Library/Ruby/Gems/1.8/gems/mongrel-1.1.5/lib/mongrel.rb:285:in `run'
    /Library/Ruby/Gems/1.8/gems/mongrel-1.1.5/lib/mongrel.rb:268:in `initialize'
    /Library/Ruby/Gems/1.8/gems/mongrel-1.1.5/lib/mongrel.rb:268:in `new'
    /Library/Ruby/Gems/1.8/gems/mongrel-1.1.5/lib/mongrel.rb:268:in `run'
    /Library/Ruby/Gems/1.8/gems/mongrel-1.1.5/lib/mongrel/configurator.rb:282:in `run'
    /Library/Ruby/Gems/1.8/gems/mongrel-1.1.5/lib/mongrel/configurator.rb:281:in `each'
    /Library/Ruby/Gems/1.8/gems/mongrel-1.1.5/lib/mongrel/configurator.rb:281:in `run'
    /Library/Ruby/Gems/1.8/gems/mongrel-1.1.5/bin/mongrel_rails:128:in `run'
    /Library/Ruby/Gems/1.8/gems/mongrel-1.1.5/lib/mongrel/command.rb:212:in `run'
    /Library/Ruby/Gems/1.8/gems/mongrel-1.1.5/bin/mongrel_rails:281
    /Users/work/.gem/ruby/1.8/gems/activesupport-2.2.2/lib/active_support/dependencies.rb:142:in `load_without_new_constant_marking'
    /Users/work/.gem/ruby/1.8/gems/activesupport-2.2.2/lib/active_support/dependencies.rb:142:in `load'
    /Users/work/.gem/ruby/1.8/gems/activesupport-2.2.2/lib/active_support/dependencies.rb:521:in `new_constants_in'
    /Users/work/.gem/ruby/1.8/gems/activesupport-2.2.2/lib/active_support/dependencies.rb:142:in `load'
    /Library/Ruby/Gems/1.8/gems/rails-2.2.2/lib/commands/servers/mongrel.rb:64
    /Library/Ruby/Site/1.8/rubygems/custom_require.rb:31:in `gem_original_require'
    /Library/Ruby/Site/1.8/rubygems/custom_require.rb:31:in `require'
    /Users/work/.gem/ruby/1.8/gems/activesupport-2.2.2/lib/active_support/dependencies.rb:153:in `require'
    /Users/work/.gem/ruby/1.8/gems/activesupport-2.2.2/lib/active_support/dependencies.rb:521:in `new_constants_in'
    /Users/work/.gem/ruby/1.8/gems/activesupport-2.2.2/lib/active_support/dependencies.rb:153:in `require'
    /Library/Ruby/Gems/1.8/gems/rails-2.2.2/lib/commands/server.rb:49
    /Library/Ruby/Site/1.8/rubygems/custom_require.rb:31:in `gem_original_require'
    /Library/Ruby/Site/1.8/rubygems/custom_require.rb:31:in `require'
    script/server:3

Rendered /Library/Ruby/Gems/1.8/gems/actionpack-2.2.2/lib/action_controller/templates/rescues/_trace (30.0ms)
Rendered /Library/Ruby/Gems/1.8/gems/actionpack-2.2.2/lib/action_controller/templates/rescues/_request_and_response (0.8ms)
Rendering /Library/Ruby/Gems/1.8/gems/actionpack-2.2.2/lib/action_controller/templates/rescues/layout.erb (internal_server_error)


Processing ApplicationController#index (for 127.0.0.1 at 2009-01-15 22:51:55) [GET]


SyntaxError (/Users/work/Documents/Projects/todolist/app/controllers/categories_controller.rb:37: syntax error, unexpected ')', expecting '}'
        format.html { redirect_to :action=>"index") }
                                                   ^
/Users/work/Documents/Projects/todolist/app/controllers/categories_controller.rb:39: syntax error, unexpected kELSE, expecting '}'
/Users/work/Documents/Projects/todolist/app/controllers/categories_controller.rb:42: syntax error, unexpected kEND, expecting '}'
/Users/work/Documents/Projects/todolist/app/controllers/categories_controller.rb:74: syntax error, unexpected kEND, expecting '}'):
    /Users/work/.gem/ruby/1.8/gems/activesupport-2.2.2/lib/active_support/dependencies.rb:382:in `load_without_new_constant_marking'
    /Users/work/.gem/ruby/1.8/gems/activesupport-2.2.2/lib/active_support/dependencies.rb:382:in `load_file'
    /Users/work/.gem/ruby/1.8/gems/activesupport-2.2.2/lib/active_support/dependencies.rb:521:in `new_constants_in'
    /Users/work/.gem/ruby/1.8/gems/activesupport-2.2.2/lib/active_support/dependencies.rb:381:in `load_file'
    /Users/work/.gem/ruby/1.8/gems/activesupport-2.2.2/lib/active_support/dependencies.rb:256:in `require_or_load'
    /Users/work/.gem/ruby/1.8/gems/activesupport-2.2.2/lib/active_support/dependencies.rb:427:in `load_missing_constant'
    /Users/work/.gem/ruby/1.8/gems/activesupport-2.2.2/lib/active_support/dependencies.rb:77:in `const_missing'
    /Users/work/.gem/ruby/1.8/gems/activesupport-2.2.2/lib/active_support/dependencies.rb:89:in `const_missing'
    /Users/work/.gem/ruby/1.8/gems/activesupport-2.2.2/lib/active_support/inflector.rb:352:in `constantize'
    /Users/work/.gem/ruby/1.8/gems/activesupport-2.2.2/lib/active_support/inflector.rb:351:in `each'
    /Users/work/.gem/ruby/1.8/gems/activesupport-2.2.2/lib/active_support/inflector.rb:351:in `constantize'
    /Users/work/.gem/ruby/1.8/gems/activesupport-2.2.2/lib/active_support/core_ext/string/inflections.rb:162:in `constantize'
    /Library/Ruby/Gems/1.8/gems/actionpack-2.2.2/lib/action_controller/routing/route_set.rb:388:in `recognize'
    /Library/Ruby/Gems/1.8/gems/actionpack-2.2.2/lib/action_controller/dispatcher.rb:182:in `handle_request'
    /Library/Ruby/Gems/1.8/gems/actionpack-2.2.2/lib/action_controller/dispatcher.rb:110:in `dispatch_unlocked'
    /Library/Ruby/Gems/1.8/gems/actionpack-2.2.2/lib/action_controller/dispatcher.rb:123:in `dispatch'
    /Library/Ruby/Gems/1.8/gems/actionpack-2.2.2/lib/action_controller/dispatcher.rb:122:in `synchronize'
    /Library/Ruby/Gems/1.8/gems/actionpack-2.2.2/lib/action_controller/dispatcher.rb:122:in `dispatch'
    /Library/Ruby/Gems/1.8/gems/actionpack-2.2.2/lib/action_controller/dispatcher.rb:132:in `dispatch_cgi'
    /Library/Ruby/Gems/1.8/gems/actionpack-2.2.2/lib/action_controller/dispatcher.rb:39:in `dispatch'
    /Library/Ruby/Gems/1.8/gems/mongrel-1.1.5/bin/../lib/mongrel/rails.rb:76:in `process'
    /Library/Ruby/Gems/1.8/gems/mongrel-1.1.5/bin/../lib/mongrel/rails.rb:74:in `synchronize'
    /Library/Ruby/Gems/1.8/gems/mongrel-1.1.5/bin/../lib/mongrel/rails.rb:74:in `process'
    /Library/Ruby/Gems/1.8/gems/mongrel-1.1.5/lib/mongrel.rb:159:in `process_client'
    /Library/Ruby/Gems/1.8/gems/mongrel-1.1.5/lib/mongrel.rb:158:in `each'
    /Library/Ruby/Gems/1.8/gems/mongrel-1.1.5/lib/mongrel.rb:158:in `process_client'
    /Library/Ruby/Gems/1.8/gems/mongrel-1.1.5/lib/mongrel.rb:285:in `run'
    /Library/Ruby/Gems/1.8/gems/mongrel-1.1.5/lib/mongrel.rb:285:in `initialize'
    /Library/Ruby/Gems/1.8/gems/mongrel-1.1.5/lib/mongrel.rb:285:in `new'
    /Library/Ruby/Gems/1.8/gems/mongrel-1.1.5/lib/mongrel.rb:285:in `run'
    /Library/Ruby/Gems/1.8/gems/mongrel-1.1.5/lib/mongrel.rb:268:in `initialize'
    /Library/Ruby/Gems/1.8/gems/mongrel-1.1.5/lib/mongrel.rb:268:in `new'
    /Library/Ruby/Gems/1.8/gems/mongrel-1.1.5/lib/mongrel.rb:268:in `run'
    /Library/Ruby/Gems/1.8/gems/mongrel-1.1.5/lib/mongrel/configurator.rb:282:in `run'
    /Library/Ruby/Gems/1.8/gems/mongrel-1.1.5/lib/mongrel/configurator.rb:281:in `each'
    /Library/Ruby/Gems/1.8/gems/mongrel-1.1.5/lib/mongrel/configurator.rb:281:in `run'
    /Library/Ruby/Gems/1.8/gems/mongrel-1.1.5/bin/mongrel_rails:128:in `run'
    /Library/Ruby/Gems/1.8/gems/mongrel-1.1.5/lib/mongrel/command.rb:212:in `run'
    /Library/Ruby/Gems/1.8/gems/mongrel-1.1.5/bin/mongrel_rails:281
    /Users/work/.gem/ruby/1.8/gems/activesupport-2.2.2/lib/active_support/dependencies.rb:142:in `load_without_new_constant_marking'
    /Users/work/.gem/ruby/1.8/gems/activesupport-2.2.2/lib/active_support/dependencies.rb:142:in `load'
    /Users/work/.gem/ruby/1.8/gems/activesupport-2.2.2/lib/active_support/dependencies.rb:521:in `new_constants_in'
    /Users/work/.gem/ruby/1.8/gems/activesupport-2.2.2/lib/active_support/dependencies.rb:142:in `load'
    /Library/Ruby/Gems/1.8/gems/rails-2.2.2/lib/commands/servers/mongrel.rb:64
    /Library/Ruby/Site/1.8/rubygems/custom_require.rb:31:in `gem_original_require'
    /Library/Ruby/Site/1.8/rubygems/custom_require.rb:31:in `require'
    /Users/work/.gem/ruby/1.8/gems/activesupport-2.2.2/lib/active_support/dependencies.rb:153:in `require'
    /Users/work/.gem/ruby/1.8/gems/activesupport-2.2.2/lib/active_support/dependencies.rb:521:in `new_constants_in'
    /Users/work/.gem/ruby/1.8/gems/activesupport-2.2.2/lib/active_support/dependencies.rb:153:in `require'
    /Library/Ruby/Gems/1.8/gems/rails-2.2.2/lib/commands/server.rb:49
    /Library/Ruby/Site/1.8/rubygems/custom_require.rb:31:in `gem_original_require'
    /Library/Ruby/Site/1.8/rubygems/custom_require.rb:31:in `require'
    script/server:3

Rendered /Library/Ruby/Gems/1.8/gems/actionpack-2.2.2/lib/action_controller/templates/rescues/_trace (96.0ms)
Rendered /Library/Ruby/Gems/1.8/gems/actionpack-2.2.2/lib/action_controller/templates/rescues/_request_and_response (0.7ms)
Rendering /Library/Ruby/Gems/1.8/gems/actionpack-2.2.2/lib/action_controller/templates/rescues/layout.erb (internal_server_error)


Processing ApplicationController#index (for 127.0.0.1 at 2009-01-15 22:52:05) [GET]


SyntaxError (/Users/work/Documents/Projects/todolist/app/controllers/categories_controller.rb:37: syntax error, unexpected ')', expecting '}'
        format.html { redirect_to :action=>"index") }
                                                   ^
/Users/work/Documents/Projects/todolist/app/controllers/categories_controller.rb:39: syntax error, unexpected kELSE, expecting '}'
/Users/work/Documents/Projects/todolist/app/controllers/categories_controller.rb:42: syntax error, unexpected kEND, expecting '}'
/Users/work/Documents/Projects/todolist/app/controllers/categories_controller.rb:74: syntax error, unexpected kEND, expecting '}'):
    /Users/work/.gem/ruby/1.8/gems/activesupport-2.2.2/lib/active_support/dependencies.rb:382:in `load_without_new_constant_marking'
    /Users/work/.gem/ruby/1.8/gems/activesupport-2.2.2/lib/active_support/dependencies.rb:382:in `load_file'
    /Users/work/.gem/ruby/1.8/gems/activesupport-2.2.2/lib/active_support/dependencies.rb:521:in `new_constants_in'
    /Users/work/.gem/ruby/1.8/gems/activesupport-2.2.2/lib/active_support/dependencies.rb:381:in `load_file'
    /Users/work/.gem/ruby/1.8/gems/activesupport-2.2.2/lib/active_support/dependencies.rb:256:in `require_or_load'
    /Users/work/.gem/ruby/1.8/gems/activesupport-2.2.2/lib/active_support/dependencies.rb:427:in `load_missing_constant'
    /Users/work/.gem/ruby/1.8/gems/activesupport-2.2.2/lib/active_support/dependencies.rb:77:in `const_missing'
    /Users/work/.gem/ruby/1.8/gems/activesupport-2.2.2/lib/active_support/dependencies.rb:89:in `const_missing'
    /Users/work/.gem/ruby/1.8/gems/activesupport-2.2.2/lib/active_support/inflector.rb:352:in `constantize'
    /Users/work/.gem/ruby/1.8/gems/activesupport-2.2.2/lib/active_support/inflector.rb:351:in `each'
    /Users/work/.gem/ruby/1.8/gems/activesupport-2.2.2/lib/active_support/inflector.rb:351:in `constantize'
    /Users/work/.gem/ruby/1.8/gems/activesupport-2.2.2/lib/active_support/core_ext/string/inflections.rb:162:in `constantize'
    /Library/Ruby/Gems/1.8/gems/actionpack-2.2.2/lib/action_controller/routing/route_set.rb:388:in `recognize'
    /Library/Ruby/Gems/1.8/gems/actionpack-2.2.2/lib/action_controller/dispatcher.rb:182:in `handle_request'
    /Library/Ruby/Gems/1.8/gems/actionpack-2.2.2/lib/action_controller/dispatcher.rb:110:in `dispatch_unlocked'
    /Library/Ruby/Gems/1.8/gems/actionpack-2.2.2/lib/action_controller/dispatcher.rb:123:in `dispatch'
    /Library/Ruby/Gems/1.8/gems/actionpack-2.2.2/lib/action_controller/dispatcher.rb:122:in `synchronize'
    /Library/Ruby/Gems/1.8/gems/actionpack-2.2.2/lib/action_controller/dispatcher.rb:122:in `dispatch'
    /Library/Ruby/Gems/1.8/gems/actionpack-2.2.2/lib/action_controller/dispatcher.rb:132:in `dispatch_cgi'
    /Library/Ruby/Gems/1.8/gems/actionpack-2.2.2/lib/action_controller/dispatcher.rb:39:in `dispatch'
    /Library/Ruby/Gems/1.8/gems/mongrel-1.1.5/bin/../lib/mongrel/rails.rb:76:in `process'
    /Library/Ruby/Gems/1.8/gems/mongrel-1.1.5/bin/../lib/mongrel/rails.rb:74:in `synchronize'
    /Library/Ruby/Gems/1.8/gems/mongrel-1.1.5/bin/../lib/mongrel/rails.rb:74:in `process'
    /Library/Ruby/Gems/1.8/gems/mongrel-1.1.5/lib/mongrel.rb:159:in `process_client'
    /Library/Ruby/Gems/1.8/gems/mongrel-1.1.5/lib/mongrel.rb:158:in `each'
    /Library/Ruby/Gems/1.8/gems/mongrel-1.1.5/lib/mongrel.rb:158:in `process_client'
    /Library/Ruby/Gems/1.8/gems/mongrel-1.1.5/lib/mongrel.rb:285:in `run'
    /Library/Ruby/Gems/1.8/gems/mongrel-1.1.5/lib/mongrel.rb:285:in `initialize'
    /Library/Ruby/Gems/1.8/gems/mongrel-1.1.5/lib/mongrel.rb:285:in `new'
    /Library/Ruby/Gems/1.8/gems/mongrel-1.1.5/lib/mongrel.rb:285:in `run'
    /Library/Ruby/Gems/1.8/gems/mongrel-1.1.5/lib/mongrel.rb:268:in `initialize'
    /Library/Ruby/Gems/1.8/gems/mongrel-1.1.5/lib/mongrel.rb:268:in `new'
    /Library/Ruby/Gems/1.8/gems/mongrel-1.1.5/lib/mongrel.rb:268:in `run'
    /Library/Ruby/Gems/1.8/gems/mongrel-1.1.5/lib/mongrel/configurator.rb:282:in `run'
    /Library/Ruby/Gems/1.8/gems/mongrel-1.1.5/lib/mongrel/configurator.rb:281:in `each'
    /Library/Ruby/Gems/1.8/gems/mongrel-1.1.5/lib/mongrel/configurator.rb:281:in `run'
    /Library/Ruby/Gems/1.8/gems/mongrel-1.1.5/bin/mongrel_rails:128:in `run'
    /Library/Ruby/Gems/1.8/gems/mongrel-1.1.5/lib/mongrel/command.rb:212:in `run'
    /Library/Ruby/Gems/1.8/gems/mongrel-1.1.5/bin/mongrel_rails:281
    /Users/work/.gem/ruby/1.8/gems/activesupport-2.2.2/lib/active_support/dependencies.rb:142:in `load_without_new_constant_marking'
    /Users/work/.gem/ruby/1.8/gems/activesupport-2.2.2/lib/active_support/dependencies.rb:142:in `load'
    /Users/work/.gem/ruby/1.8/gems/activesupport-2.2.2/lib/active_support/dependencies.rb:521:in `new_constants_in'
    /Users/work/.gem/ruby/1.8/gems/activesupport-2.2.2/lib/active_support/dependencies.rb:142:in `load'
    /Library/Ruby/Gems/1.8/gems/rails-2.2.2/lib/commands/servers/mongrel.rb:64
    /Library/Ruby/Site/1.8/rubygems/custom_require.rb:31:in `gem_original_require'
    /Library/Ruby/Site/1.8/rubygems/custom_require.rb:31:in `require'
    /Users/work/.gem/ruby/1.8/gems/activesupport-2.2.2/lib/active_support/dependencies.rb:153:in `require'
    /Users/work/.gem/ruby/1.8/gems/activesupport-2.2.2/lib/active_support/dependencies.rb:521:in `new_constants_in'
    /Users/work/.gem/ruby/1.8/gems/activesupport-2.2.2/lib/active_support/dependencies.rb:153:in `require'
    /Library/Ruby/Gems/1.8/gems/rails-2.2.2/lib/commands/server.rb:49
    /Library/Ruby/Site/1.8/rubygems/custom_require.rb:31:in `gem_original_require'
    /Library/Ruby/Site/1.8/rubygems/custom_require.rb:31:in `require'
    script/server:3

Rendered /Library/Ruby/Gems/1.8/gems/actionpack-2.2.2/lib/action_controller/templates/rescues/_trace (24.8ms)
Rendered /Library/Ruby/Gems/1.8/gems/actionpack-2.2.2/lib/action_controller/templates/rescues/_request_and_response (0.7ms)
Rendering /Library/Ruby/Gems/1.8/gems/actionpack-2.2.2/lib/action_controller/templates/rescues/layout.erb (internal_server_error)


Processing CategoriesController#index (for 127.0.0.1 at 2009-01-15 22:52:22) [GET]
  [4;36;1mSQL (0.2ms)[0m   [0;1mSET NAMES 'utf8'[0m
  [4;35;1mSQL (0.1ms)[0m   [0mSET SQL_AUTO_IS_NULL=0[0m
  [4;36;1mCategory Load (31.6ms)[0m   [0;1mSELECT * FROM `categories` ORDER BY title[0m
Rendering template within layouts/categories
Rendering categories/index
  [4;35;1mCategory Columns (2.5ms)[0m   [0mSHOW FIELDS FROM `categories`[0m
Completed in 47ms (View: 8, DB: 34) | 200 OK [http://localhost/categories]


Processing CategoriesController#show (for 127.0.0.1 at 2009-01-15 22:52:24) [GET]
  Parameters: {"id"=>"2"}
  [4;36;1mSQL (0.1ms)[0m   [0;1mSET NAMES 'utf8'[0m
  [4;35;1mSQL (0.1ms)[0m   [0mSET SQL_AUTO_IS_NULL=0[0m
Rendering template within layouts/categories
Rendering categories/show


ActionView::TemplateError (You have a nil object when you didn't expect it!
The error occurred while evaluating nil.title) on line #3 of app/views/categories/show.html.erb:
1: <p>
2:   <b>Title:</b>
3:   <%=h @category.title %>
4: </p>
5: 
6: 

    app/views/categories/show.html.erb:3
    /Library/Ruby/Gems/1.8/gems/actionpack-2.2.2/lib/action_view/renderable.rb:39:in `send'
    /Library/Ruby/Gems/1.8/gems/actionpack-2.2.2/lib/action_view/renderable.rb:39:in `render'
    /Library/Ruby/Gems/1.8/gems/actionpack-2.2.2/lib/action_view/template.rb:73:in `render_template'
    /Library/Ruby/Gems/1.8/gems/actionpack-2.2.2/lib/action_view/base.rb:256:in `render'
    /Library/Ruby/Gems/1.8/gems/actionpack-2.2.2/lib/action_view/base.rb:367:in `_render_with_layout'
    /Library/Ruby/Gems/1.8/gems/actionpack-2.2.2/lib/action_view/base.rb:254:in `render'
    /Library/Ruby/Gems/1.8/gems/actionpack-2.2.2/lib/action_controller/base.rb:1174:in `render_for_file'
    /Library/Ruby/Gems/1.8/gems/actionpack-2.2.2/lib/action_controller/base.rb:896:in `render_without_benchmark'
    /Library/Ruby/Gems/1.8/gems/actionpack-2.2.2/lib/action_controller/benchmarking.rb:51:in `render'
    /Users/work/.gem/ruby/1.8/gems/activesupport-2.2.2/lib/active_support/core_ext/benchmark.rb:8:in `realtime'
    /Library/Ruby/Gems/1.8/gems/actionpack-2.2.2/lib/action_controller/benchmarking.rb:51:in `render'
    /Library/Ruby/Gems/1.8/gems/actionpack-2.2.2/lib/action_controller/base.rb:868:in `render_without_benchmark'
    /Library/Ruby/Gems/1.8/gems/actionpack-2.2.2/lib/action_controller/benchmarking.rb:51:in `render'
    /Users/work/.gem/ruby/1.8/gems/activesupport-2.2.2/lib/active_support/core_ext/benchmark.rb:8:in `realtime'
    /Library/Ruby/Gems/1.8/gems/actionpack-2.2.2/lib/action_controller/benchmarking.rb:51:in `render'
    /Library/Ruby/Gems/1.8/gems/actionpack-2.2.2/lib/action_controller/base.rb:1248:in `default_render'
    /Library/Ruby/Gems/1.8/gems/actionpack-2.2.2/lib/action_controller/base.rb:1259:in `perform_action_without_filters'
    /Library/Ruby/Gems/1.8/gems/actionpack-2.2.2/lib/action_controller/filters.rb:617:in `call_filters'
    /Library/Ruby/Gems/1.8/gems/actionpack-2.2.2/lib/action_controller/filters.rb:610:in `perform_action_without_benchmark'
    /Library/Ruby/Gems/1.8/gems/actionpack-2.2.2/lib/action_controller/benchmarking.rb:68:in `perform_action_without_rescue'
    /System/Library/Frameworks/Ruby.framework/Versions/1.8/usr/lib/ruby/1.8/benchmark.rb:293:in `measure'
    /Library/Ruby/Gems/1.8/gems/actionpack-2.2.2/lib/action_controller/benchmarking.rb:68:in `perform_action_without_rescue'
    /Library/Ruby/Gems/1.8/gems/actionpack-2.2.2/lib/action_controller/rescue.rb:136:in `perform_action_without_caching'
    /Library/Ruby/Gems/1.8/gems/actionpack-2.2.2/lib/action_controller/caching/sql_cache.rb:13:in `perform_action'
    /Users/work/.gem/ruby/1.8/gems/activerecord-2.2.2/lib/active_record/connection_adapters/abstract/query_cache.rb:34:in `cache'
    /Users/work/.gem/ruby/1.8/gems/activerecord-2.2.2/lib/active_record/query_cache.rb:8:in `cache'
    /Library/Ruby/Gems/1.8/gems/actionpack-2.2.2/lib/action_controller/caching/sql_cache.rb:12:in `perform_action'
    /Library/Ruby/Gems/1.8/gems/actionpack-2.2.2/lib/action_controller/base.rb:524:in `send'
    /Library/Ruby/Gems/1.8/gems/actionpack-2.2.2/lib/action_controller/base.rb:524:in `process_without_filters'
    /Library/Ruby/Gems/1.8/gems/actionpack-2.2.2/lib/action_controller/filters.rb:606:in `process_without_session_management_support'
    /Library/Ruby/Gems/1.8/gems/actionpack-2.2.2/lib/action_controller/session_management.rb:134:in `process'
    /Library/Ruby/Gems/1.8/gems/actionpack-2.2.2/lib/action_controller/base.rb:392:in `process'
    /Library/Ruby/Gems/1.8/gems/actionpack-2.2.2/lib/action_controller/dispatcher.rb:183:in `handle_request'
    /Library/Ruby/Gems/1.8/gems/actionpack-2.2.2/lib/action_controller/dispatcher.rb:110:in `dispatch_unlocked'
    /Library/Ruby/Gems/1.8/gems/actionpack-2.2.2/lib/action_controller/dispatcher.rb:123:in `dispatch'
    /Library/Ruby/Gems/1.8/gems/actionpack-2.2.2/lib/action_controller/dispatcher.rb:122:in `synchronize'
    /Library/Ruby/Gems/1.8/gems/actionpack-2.2.2/lib/action_controller/dispatcher.rb:122:in `dispatch'
    /Library/Ruby/Gems/1.8/gems/actionpack-2.2.2/lib/action_controller/dispatcher.rb:132:in `dispatch_cgi'
    /Library/Ruby/Gems/1.8/gems/actionpack-2.2.2/lib/action_controller/dispatcher.rb:39:in `dispatch'
    /Library/Ruby/Gems/1.8/gems/mongrel-1.1.5/lib/mongrel/rails.rb:76:in `process'
    /Library/Ruby/Gems/1.8/gems/mongrel-1.1.5/lib/mongrel/rails.rb:74:in `synchronize'
    /Library/Ruby/Gems/1.8/gems/mongrel-1.1.5/lib/mongrel/rails.rb:74:in `process'
    /Library/Ruby/Gems/1.8/gems/mongrel-1.1.5/lib/mongrel.rb:159:in `process_client'
    /Library/Ruby/Gems/1.8/gems/mongrel-1.1.5/lib/mongrel.rb:158:in `each'
    /Library/Ruby/Gems/1.8/gems/mongrel-1.1.5/lib/mongrel.rb:158:in `process_client'
    /Library/Ruby/Gems/1.8/gems/mongrel-1.1.5/lib/mongrel.rb:285:in `run'
    /Library/Ruby/Gems/1.8/gems/mongrel-1.1.5/lib/mongrel.rb:285:in `initialize'
    /Library/Ruby/Gems/1.8/gems/mongrel-1.1.5/lib/mongrel.rb:285:in `new'
    /Library/Ruby/Gems/1.8/gems/mongrel-1.1.5/lib/mongrel.rb:285:in `run'
    /Library/Ruby/Gems/1.8/gems/mongrel-1.1.5/lib/mongrel.rb:268:in `initialize'
    /Library/Ruby/Gems/1.8/gems/mongrel-1.1.5/lib/mongrel.rb:268:in `new'
    /Library/Ruby/Gems/1.8/gems/mongrel-1.1.5/lib/mongrel.rb:268:in `run'
    /Library/Ruby/Gems/1.8/gems/mongrel-1.1.5/lib/mongrel/configurator.rb:282:in `run'
    /Library/Ruby/Gems/1.8/gems/mongrel-1.1.5/lib/mongrel/configurator.rb:281:in `each'
    /Library/Ruby/Gems/1.8/gems/mongrel-1.1.5/lib/mongrel/configurator.rb:281:in `run'
    /Library/Ruby/Gems/1.8/gems/mongrel-1.1.5/bin/mongrel_rails:128:in `run'
    /Library/Ruby/Gems/1.8/gems/mongrel-1.1.5/lib/mongrel/command.rb:212:in `run'
    /Library/Ruby/Gems/1.8/gems/mongrel-1.1.5/bin/mongrel_rails:281
    /Users/work/.gem/ruby/1.8/gems/activesupport-2.2.2/lib/active_support/dependencies.rb:142:in `load_without_new_constant_marking'
    /Users/work/.gem/ruby/1.8/gems/activesupport-2.2.2/lib/active_support/dependencies.rb:142:in `load'
    /Users/work/.gem/ruby/1.8/gems/activesupport-2.2.2/lib/active_support/dependencies.rb:521:in `new_constants_in'
    /Users/work/.gem/ruby/1.8/gems/activesupport-2.2.2/lib/active_support/dependencies.rb:142:in `load'
    /Library/Ruby/Gems/1.8/gems/rails-2.2.2/lib/commands/servers/mongrel.rb:64
    /Library/Ruby/Site/1.8/rubygems/custom_require.rb:31:in `gem_original_require'
    /Library/Ruby/Site/1.8/rubygems/custom_require.rb:31:in `require'
    /Users/work/.gem/ruby/1.8/gems/activesupport-2.2.2/lib/active_support/dependencies.rb:153:in `require'
    /Users/work/.gem/ruby/1.8/gems/activesupport-2.2.2/lib/active_support/dependencies.rb:521:in `new_constants_in'
    /Users/work/.gem/ruby/1.8/gems/activesupport-2.2.2/lib/active_support/dependencies.rb:153:in `require'
    /Library/Ruby/Gems/1.8/gems/rails-2.2.2/lib/commands/server.rb:49
    /Library/Ruby/Site/1.8/rubygems/custom_require.rb:31:in `gem_original_require'
    /Library/Ruby/Site/1.8/rubygems/custom_require.rb:31:in `require'
    script/server:3

Rendered /Library/Ruby/Gems/1.8/gems/actionpack-2.2.2/lib/action_controller/templates/rescues/_trace (118.9ms)
Rendered /Library/Ruby/Gems/1.8/gems/actionpack-2.2.2/lib/action_controller/templates/rescues/_request_and_response (0.7ms)
Rendering /Library/Ruby/Gems/1.8/gems/actionpack-2.2.2/lib/action_controller/templates/rescues/layout.erb (internal_server_error)


Processing CategoriesController#edit (for 127.0.0.1 at 2009-01-15 22:52:27) [GET]
  Parameters: {"id"=>"2"}
  [4;36;1mSQL (0.1ms)[0m   [0;1mSET NAMES 'utf8'[0m
  [4;35;1mSQL (0.1ms)[0m   [0mSET SQL_AUTO_IS_NULL=0[0m
  [4;36;1mCategory Columns (13.8ms)[0m   [0;1mSHOW FIELDS FROM `categories`[0m
  [4;35;1mCategory Load (0.6ms)[0m   [0mSELECT * FROM `categories` WHERE (`categories`.`id` = 2) [0m
Rendering template within layouts/categories
Rendering categories/edit
Completed in 26ms (View: 7, DB: 15) | 200 OK [http://localhost/categories/2/edit]


Processing CategoriesController#update (for 127.0.0.1 at 2009-01-15 22:52:30) [PUT]
  Parameters: {"category"=>{"title"=>"new test categoriesk"}, "commit"=>"Update", "authenticity_token"=>"9b7ce5424370d1dda16b81c86b540b78b245dade", "id"=>"2"}
  [4;36;1mSQL (0.1ms)[0m   [0;1mSET NAMES 'utf8'[0m
  [4;35;1mSQL (0.1ms)[0m   [0mSET SQL_AUTO_IS_NULL=0[0m
  [4;36;1mCategory Columns (1.6ms)[0m   [0;1mSHOW FIELDS FROM `categories`[0m
  [4;35;1mCategory Load (0.3ms)[0m   [0mSELECT * FROM `categories` WHERE (`categories`.`id` = 2) [0m
  [4;36;1mSQL (0.1ms)[0m   [0;1mBEGIN[0m
  [4;35;1mCategory Exists (49.2ms)[0m   [0mSELECT `categories`.id FROM `categories` WHERE (`categories`.`title` = BINARY 'new test categoriesk' AND `categories`.id <> 2) LIMIT 1[0m
  [4;36;1mCategory Update (26.5ms)[0m   [0;1mUPDATE `categories` SET `title` = 'new test categoriesk', `updated_at` = '2009-01-16 06:52:30' WHERE `id` = 2[0m
  [4;35;1mSQL (1.1ms)[0m   [0mCOMMIT[0m
Redirected to #<Category:0x232209c>
Completed in 87ms (DB: 79) | 302 Found [http://localhost/categories/2]


Processing CategoriesController#show (for 127.0.0.1 at 2009-01-15 22:52:30) [GET]
  Parameters: {"id"=>"2"}
  [4;36;1mSQL (0.1ms)[0m   [0;1mSET NAMES 'utf8'[0m
  [4;35;1mSQL (0.1ms)[0m   [0mSET SQL_AUTO_IS_NULL=0[0m
Rendering template within layouts/categories
Rendering categories/show


ActionView::TemplateError (You have a nil object when you didn't expect it!
The error occurred while evaluating nil.title) on line #3 of app/views/categories/show.html.erb:
1: <p>
2:   <b>Title:</b>
3:   <%=h @category.title %>
4: </p>
5: 
6: 

    app/views/categories/show.html.erb:3
    /Library/Ruby/Gems/1.8/gems/actionpack-2.2.2/lib/action_view/renderable.rb:39:in `send'
    /Library/Ruby/Gems/1.8/gems/actionpack-2.2.2/lib/action_view/renderable.rb:39:in `render'
    /Library/Ruby/Gems/1.8/gems/actionpack-2.2.2/lib/action_view/template.rb:73:in `render_template'
    /Library/Ruby/Gems/1.8/gems/actionpack-2.2.2/lib/action_view/base.rb:256:in `render'
    /Library/Ruby/Gems/1.8/gems/actionpack-2.2.2/lib/action_view/base.rb:367:in `_render_with_layout'
    /Library/Ruby/Gems/1.8/gems/actionpack-2.2.2/lib/action_view/base.rb:254:in `render'
    /Library/Ruby/Gems/1.8/gems/actionpack-2.2.2/lib/action_controller/base.rb:1174:in `render_for_file'
    /Library/Ruby/Gems/1.8/gems/actionpack-2.2.2/lib/action_controller/base.rb:896:in `render_without_benchmark'
    /Library/Ruby/Gems/1.8/gems/actionpack-2.2.2/lib/action_controller/benchmarking.rb:51:in `render'
    /Users/work/.gem/ruby/1.8/gems/activesupport-2.2.2/lib/active_support/core_ext/benchmark.rb:8:in `realtime'
    /Library/Ruby/Gems/1.8/gems/actionpack-2.2.2/lib/action_controller/benchmarking.rb:51:in `render'
    /Library/Ruby/Gems/1.8/gems/actionpack-2.2.2/lib/action_controller/base.rb:868:in `render_without_benchmark'
    /Library/Ruby/Gems/1.8/gems/actionpack-2.2.2/lib/action_controller/benchmarking.rb:51:in `render'
    /Users/work/.gem/ruby/1.8/gems/activesupport-2.2.2/lib/active_support/core_ext/benchmark.rb:8:in `realtime'
    /Library/Ruby/Gems/1.8/gems/actionpack-2.2.2/lib/action_controller/benchmarking.rb:51:in `render'
    /Library/Ruby/Gems/1.8/gems/actionpack-2.2.2/lib/action_controller/base.rb:1248:in `default_render'
    /Library/Ruby/Gems/1.8/gems/actionpack-2.2.2/lib/action_controller/base.rb:1259:in `perform_action_without_filters'
    /Library/Ruby/Gems/1.8/gems/actionpack-2.2.2/lib/action_controller/filters.rb:617:in `call_filters'
    /Library/Ruby/Gems/1.8/gems/actionpack-2.2.2/lib/action_controller/filters.rb:610:in `perform_action_without_benchmark'
    /Library/Ruby/Gems/1.8/gems/actionpack-2.2.2/lib/action_controller/benchmarking.rb:68:in `perform_action_without_rescue'
    /System/Library/Frameworks/Ruby.framework/Versions/1.8/usr/lib/ruby/1.8/benchmark.rb:293:in `measure'
    /Library/Ruby/Gems/1.8/gems/actionpack-2.2.2/lib/action_controller/benchmarking.rb:68:in `perform_action_without_rescue'
    /Library/Ruby/Gems/1.8/gems/actionpack-2.2.2/lib/action_controller/rescue.rb:136:in `perform_action_without_caching'
    /Library/Ruby/Gems/1.8/gems/actionpack-2.2.2/lib/action_controller/caching/sql_cache.rb:13:in `perform_action'
    /Users/work/.gem/ruby/1.8/gems/activerecord-2.2.2/lib/active_record/connection_adapters/abstract/query_cache.rb:34:in `cache'
    /Users/work/.gem/ruby/1.8/gems/activerecord-2.2.2/lib/active_record/query_cache.rb:8:in `cache'
    /Library/Ruby/Gems/1.8/gems/actionpack-2.2.2/lib/action_controller/caching/sql_cache.rb:12:in `perform_action'
    /Library/Ruby/Gems/1.8/gems/actionpack-2.2.2/lib/action_controller/base.rb:524:in `send'
    /Library/Ruby/Gems/1.8/gems/actionpack-2.2.2/lib/action_controller/base.rb:524:in `process_without_filters'
    /Library/Ruby/Gems/1.8/gems/actionpack-2.2.2/lib/action_controller/filters.rb:606:in `process_without_session_management_support'
    /Library/Ruby/Gems/1.8/gems/actionpack-2.2.2/lib/action_controller/session_management.rb:134:in `process'
    /Library/Ruby/Gems/1.8/gems/actionpack-2.2.2/lib/action_controller/base.rb:392:in `process'
    /Library/Ruby/Gems/1.8/gems/actionpack-2.2.2/lib/action_controller/dispatcher.rb:183:in `handle_request'
    /Library/Ruby/Gems/1.8/gems/actionpack-2.2.2/lib/action_controller/dispatcher.rb:110:in `dispatch_unlocked'
    /Library/Ruby/Gems/1.8/gems/actionpack-2.2.2/lib/action_controller/dispatcher.rb:123:in `dispatch'
    /Library/Ruby/Gems/1.8/gems/actionpack-2.2.2/lib/action_controller/dispatcher.rb:122:in `synchronize'
    /Library/Ruby/Gems/1.8/gems/actionpack-2.2.2/lib/action_controller/dispatcher.rb:122:in `dispatch'
    /Library/Ruby/Gems/1.8/gems/actionpack-2.2.2/lib/action_controller/dispatcher.rb:132:in `dispatch_cgi'
    /Library/Ruby/Gems/1.8/gems/actionpack-2.2.2/lib/action_controller/dispatcher.rb:39:in `dispatch'
    /Library/Ruby/Gems/1.8/gems/mongrel-1.1.5/lib/mongrel/rails.rb:76:in `process'
    /Library/Ruby/Gems/1.8/gems/mongrel-1.1.5/lib/mongrel/rails.rb:74:in `synchronize'
    /Library/Ruby/Gems/1.8/gems/mongrel-1.1.5/lib/mongrel/rails.rb:74:in `process'
    /Library/Ruby/Gems/1.8/gems/mongrel-1.1.5/lib/mongrel.rb:159:in `process_client'
    /Library/Ruby/Gems/1.8/gems/mongrel-1.1.5/lib/mongrel.rb:158:in `each'
    /Library/Ruby/Gems/1.8/gems/mongrel-1.1.5/lib/mongrel.rb:158:in `process_client'
    /Library/Ruby/Gems/1.8/gems/mongrel-1.1.5/lib/mongrel.rb:285:in `run'
    /Library/Ruby/Gems/1.8/gems/mongrel-1.1.5/lib/mongrel.rb:285:in `initialize'
    /Library/Ruby/Gems/1.8/gems/mongrel-1.1.5/lib/mongrel.rb:285:in `new'
    /Library/Ruby/Gems/1.8/gems/mongrel-1.1.5/lib/mongrel.rb:285:in `run'
    /Library/Ruby/Gems/1.8/gems/mongrel-1.1.5/lib/mongrel.rb:268:in `initialize'
    /Library/Ruby/Gems/1.8/gems/mongrel-1.1.5/lib/mongrel.rb:268:in `new'
    /Library/Ruby/Gems/1.8/gems/mongrel-1.1.5/lib/mongrel.rb:268:in `run'
    /Library/Ruby/Gems/1.8/gems/mongrel-1.1.5/lib/mongrel/configurator.rb:282:in `run'
    /Library/Ruby/Gems/1.8/gems/mongrel-1.1.5/lib/mongrel/configurator.rb:281:in `each'
    /Library/Ruby/Gems/1.8/gems/mongrel-1.1.5/lib/mongrel/configurator.rb:281:in `run'
    /Library/Ruby/Gems/1.8/gems/mongrel-1.1.5/bin/mongrel_rails:128:in `run'
    /Library/Ruby/Gems/1.8/gems/mongrel-1.1.5/lib/mongrel/command.rb:212:in `run'
    /Library/Ruby/Gems/1.8/gems/mongrel-1.1.5/bin/mongrel_rails:281
    /Users/work/.gem/ruby/1.8/gems/activesupport-2.2.2/lib/active_support/dependencies.rb:142:in `load_without_new_constant_marking'
    /Users/work/.gem/ruby/1.8/gems/activesupport-2.2.2/lib/active_support/dependencies.rb:142:in `load'
    /Users/work/.gem/ruby/1.8/gems/activesupport-2.2.2/lib/active_support/dependencies.rb:521:in `new_constants_in'
    /Users/work/.gem/ruby/1.8/gems/activesupport-2.2.2/lib/active_support/dependencies.rb:142:in `load'
    /Library/Ruby/Gems/1.8/gems/rails-2.2.2/lib/commands/servers/mongrel.rb:64
    /Library/Ruby/Site/1.8/rubygems/custom_require.rb:31:in `gem_original_require'
    /Library/Ruby/Site/1.8/rubygems/custom_require.rb:31:in `require'
    /Users/work/.gem/ruby/1.8/gems/activesupport-2.2.2/lib/active_support/dependencies.rb:153:in `require'
    /Users/work/.gem/ruby/1.8/gems/activesupport-2.2.2/lib/active_support/dependencies.rb:521:in `new_constants_in'
    /Users/work/.gem/ruby/1.8/gems/activesupport-2.2.2/lib/active_support/dependencies.rb:153:in `require'
    /Library/Ruby/Gems/1.8/gems/rails-2.2.2/lib/commands/server.rb:49
    /Library/Ruby/Site/1.8/rubygems/custom_require.rb:31:in `gem_original_require'
    /Library/Ruby/Site/1.8/rubygems/custom_require.rb:31:in `require'
    script/server:3

Rendered /Library/Ruby/Gems/1.8/gems/actionpack-2.2.2/lib/action_controller/templates/rescues/_trace (32.1ms)
Rendered /Library/Ruby/Gems/1.8/gems/actionpack-2.2.2/lib/action_controller/templates/rescues/_request_and_response (0.8ms)
Rendering /Library/Ruby/Gems/1.8/gems/actionpack-2.2.2/lib/action_controller/templates/rescues/layout.erb (internal_server_error)


Processing CategoriesController#show (for 127.0.0.1 at 2009-01-15 22:53:11) [GET]
  Parameters: {"id"=>"2"}
  [4;36;1mSQL (0.1ms)[0m   [0;1mSET NAMES 'utf8'[0m
  [4;35;1mSQL (0.1ms)[0m   [0mSET SQL_AUTO_IS_NULL=0[0m
Rendering template within layouts/categories
Rendering categories/show


ActionView::TemplateError (You have a nil object when you didn't expect it!
The error occurred while evaluating nil.title) on line #3 of app/views/categories/show.html.erb:
1: <p>
2:   <b>Title:</b>
3:   <%=h @category.title %>
4: </p>
5: 
6: 

    app/views/categories/show.html.erb:3
    /Library/Ruby/Gems/1.8/gems/actionpack-2.2.2/lib/action_view/renderable.rb:39:in `send'
    /Library/Ruby/Gems/1.8/gems/actionpack-2.2.2/lib/action_view/renderable.rb:39:in `render'
    /Library/Ruby/Gems/1.8/gems/actionpack-2.2.2/lib/action_view/template.rb:73:in `render_template'
    /Library/Ruby/Gems/1.8/gems/actionpack-2.2.2/lib/action_view/base.rb:256:in `render'
    /Library/Ruby/Gems/1.8/gems/actionpack-2.2.2/lib/action_view/base.rb:367:in `_render_with_layout'
    /Library/Ruby/Gems/1.8/gems/actionpack-2.2.2/lib/action_view/base.rb:254:in `render'
    /Library/Ruby/Gems/1.8/gems/actionpack-2.2.2/lib/action_controller/base.rb:1174:in `render_for_file'
    /Library/Ruby/Gems/1.8/gems/actionpack-2.2.2/lib/action_controller/base.rb:896:in `render_without_benchmark'
    /Library/Ruby/Gems/1.8/gems/actionpack-2.2.2/lib/action_controller/benchmarking.rb:51:in `render'
    /Users/work/.gem/ruby/1.8/gems/activesupport-2.2.2/lib/active_support/core_ext/benchmark.rb:8:in `realtime'
    /Library/Ruby/Gems/1.8/gems/actionpack-2.2.2/lib/action_controller/benchmarking.rb:51:in `render'
    /Library/Ruby/Gems/1.8/gems/actionpack-2.2.2/lib/action_controller/base.rb:868:in `render_without_benchmark'
    /Library/Ruby/Gems/1.8/gems/actionpack-2.2.2/lib/action_controller/benchmarking.rb:51:in `render'
    /Users/work/.gem/ruby/1.8/gems/activesupport-2.2.2/lib/active_support/core_ext/benchmark.rb:8:in `realtime'
    /Library/Ruby/Gems/1.8/gems/actionpack-2.2.2/lib/action_controller/benchmarking.rb:51:in `render'
    /Library/Ruby/Gems/1.8/gems/actionpack-2.2.2/lib/action_controller/base.rb:1248:in `default_render'
    /Library/Ruby/Gems/1.8/gems/actionpack-2.2.2/lib/action_controller/base.rb:1259:in `perform_action_without_filters'
    /Library/Ruby/Gems/1.8/gems/actionpack-2.2.2/lib/action_controller/filters.rb:617:in `call_filters'
    /Library/Ruby/Gems/1.8/gems/actionpack-2.2.2/lib/action_controller/filters.rb:610:in `perform_action_without_benchmark'
    /Library/Ruby/Gems/1.8/gems/actionpack-2.2.2/lib/action_controller/benchmarking.rb:68:in `perform_action_without_rescue'
    /System/Library/Frameworks/Ruby.framework/Versions/1.8/usr/lib/ruby/1.8/benchmark.rb:293:in `measure'
    /Library/Ruby/Gems/1.8/gems/actionpack-2.2.2/lib/action_controller/benchmarking.rb:68:in `perform_action_without_rescue'
    /Library/Ruby/Gems/1.8/gems/actionpack-2.2.2/lib/action_controller/rescue.rb:136:in `perform_action_without_caching'
    /Library/Ruby/Gems/1.8/gems/actionpack-2.2.2/lib/action_controller/caching/sql_cache.rb:13:in `perform_action'
    /Users/work/.gem/ruby/1.8/gems/activerecord-2.2.2/lib/active_record/connection_adapters/abstract/query_cache.rb:34:in `cache'
    /Users/work/.gem/ruby/1.8/gems/activerecord-2.2.2/lib/active_record/query_cache.rb:8:in `cache'
    /Library/Ruby/Gems/1.8/gems/actionpack-2.2.2/lib/action_controller/caching/sql_cache.rb:12:in `perform_action'
    /Library/Ruby/Gems/1.8/gems/actionpack-2.2.2/lib/action_controller/base.rb:524:in `send'
    /Library/Ruby/Gems/1.8/gems/actionpack-2.2.2/lib/action_controller/base.rb:524:in `process_without_filters'
    /Library/Ruby/Gems/1.8/gems/actionpack-2.2.2/lib/action_controller/filters.rb:606:in `process_without_session_management_support'
    /Library/Ruby/Gems/1.8/gems/actionpack-2.2.2/lib/action_controller/session_management.rb:134:in `process'
    /Library/Ruby/Gems/1.8/gems/actionpack-2.2.2/lib/action_controller/base.rb:392:in `process'
    /Library/Ruby/Gems/1.8/gems/actionpack-2.2.2/lib/action_controller/dispatcher.rb:183:in `handle_request'
    /Library/Ruby/Gems/1.8/gems/actionpack-2.2.2/lib/action_controller/dispatcher.rb:110:in `dispatch_unlocked'
    /Library/Ruby/Gems/1.8/gems/actionpack-2.2.2/lib/action_controller/dispatcher.rb:123:in `dispatch'
    /Library/Ruby/Gems/1.8/gems/actionpack-2.2.2/lib/action_controller/dispatcher.rb:122:in `synchronize'
    /Library/Ruby/Gems/1.8/gems/actionpack-2.2.2/lib/action_controller/dispatcher.rb:122:in `dispatch'
    /Library/Ruby/Gems/1.8/gems/actionpack-2.2.2/lib/action_controller/dispatcher.rb:132:in `dispatch_cgi'
    /Library/Ruby/Gems/1.8/gems/actionpack-2.2.2/lib/action_controller/dispatcher.rb:39:in `dispatch'
    /Library/Ruby/Gems/1.8/gems/mongrel-1.1.5/lib/mongrel/rails.rb:76:in `process'
    /Library/Ruby/Gems/1.8/gems/mongrel-1.1.5/lib/mongrel/rails.rb:74:in `synchronize'
    /Library/Ruby/Gems/1.8/gems/mongrel-1.1.5/lib/mongrel/rails.rb:74:in `process'
    /Library/Ruby/Gems/1.8/gems/mongrel-1.1.5/lib/mongrel.rb:159:in `process_client'
    /Library/Ruby/Gems/1.8/gems/mongrel-1.1.5/lib/mongrel.rb:158:in `each'
    /Library/Ruby/Gems/1.8/gems/mongrel-1.1.5/lib/mongrel.rb:158:in `process_client'
    /Library/Ruby/Gems/1.8/gems/mongrel-1.1.5/lib/mongrel.rb:285:in `run'
    /Library/Ruby/Gems/1.8/gems/mongrel-1.1.5/lib/mongrel.rb:285:in `initialize'
    /Library/Ruby/Gems/1.8/gems/mongrel-1.1.5/lib/mongrel.rb:285:in `new'
    /Library/Ruby/Gems/1.8/gems/mongrel-1.1.5/lib/mongrel.rb:285:in `run'
    /Library/Ruby/Gems/1.8/gems/mongrel-1.1.5/lib/mongrel.rb:268:in `initialize'
    /Library/Ruby/Gems/1.8/gems/mongrel-1.1.5/lib/mongrel.rb:268:in `new'
    /Library/Ruby/Gems/1.8/gems/mongrel-1.1.5/lib/mongrel.rb:268:in `run'
    /Library/Ruby/Gems/1.8/gems/mongrel-1.1.5/lib/mongrel/configurator.rb:282:in `run'
    /Library/Ruby/Gems/1.8/gems/mongrel-1.1.5/lib/mongrel/configurator.rb:281:in `each'
    /Library/Ruby/Gems/1.8/gems/mongrel-1.1.5/lib/mongrel/configurator.rb:281:in `run'
    /Library/Ruby/Gems/1.8/gems/mongrel-1.1.5/bin/mongrel_rails:128:in `run'
    /Library/Ruby/Gems/1.8/gems/mongrel-1.1.5/lib/mongrel/command.rb:212:in `run'
    /Library/Ruby/Gems/1.8/gems/mongrel-1.1.5/bin/mongrel_rails:281
    /Users/work/.gem/ruby/1.8/gems/activesupport-2.2.2/lib/active_support/dependencies.rb:142:in `load_without_new_constant_marking'
    /Users/work/.gem/ruby/1.8/gems/activesupport-2.2.2/lib/active_support/dependencies.rb:142:in `load'
    /Users/work/.gem/ruby/1.8/gems/activesupport-2.2.2/lib/active_support/dependencies.rb:521:in `new_constants_in'
    /Users/work/.gem/ruby/1.8/gems/activesupport-2.2.2/lib/active_support/dependencies.rb:142:in `load'
    /Library/Ruby/Gems/1.8/gems/rails-2.2.2/lib/commands/servers/mongrel.rb:64
    /Library/Ruby/Site/1.8/rubygems/custom_require.rb:31:in `gem_original_require'
    /Library/Ruby/Site/1.8/rubygems/custom_require.rb:31:in `require'
    /Users/work/.gem/ruby/1.8/gems/activesupport-2.2.2/lib/active_support/dependencies.rb:153:in `require'
    /Users/work/.gem/ruby/1.8/gems/activesupport-2.2.2/lib/active_support/dependencies.rb:521:in `new_constants_in'
    /Users/work/.gem/ruby/1.8/gems/activesupport-2.2.2/lib/active_support/dependencies.rb:153:in `require'
    /Library/Ruby/Gems/1.8/gems/rails-2.2.2/lib/commands/server.rb:49
    /Library/Ruby/Site/1.8/rubygems/custom_require.rb:31:in `gem_original_require'
    /Library/Ruby/Site/1.8/rubygems/custom_require.rb:31:in `require'
    script/server:3

Rendered /Library/Ruby/Gems/1.8/gems/actionpack-2.2.2/lib/action_controller/templates/rescues/_trace (32.3ms)
Rendered /Library/Ruby/Gems/1.8/gems/actionpack-2.2.2/lib/action_controller/templates/rescues/_request_and_response (0.7ms)
Rendering /Library/Ruby/Gems/1.8/gems/actionpack-2.2.2/lib/action_controller/templates/rescues/layout.erb (internal_server_error)


Processing CategoriesController#show (for 127.0.0.1 at 2009-01-15 22:53:12) [GET]
  Parameters: {"id"=>"2"}
  [4;36;1mSQL (0.1ms)[0m   [0;1mSET NAMES 'utf8'[0m
  [4;35;1mSQL (0.1ms)[0m   [0mSET SQL_AUTO_IS_NULL=0[0m
Rendering template within layouts/categories
Rendering categories/show


ActionView::TemplateError (You have a nil object when you didn't expect it!
The error occurred while evaluating nil.title) on line #3 of app/views/categories/show.html.erb:
1: <p>
2:   <b>Title:</b>
3:   <%=h @category.title %>
4: </p>
5: 
6: 

    app/views/categories/show.html.erb:3
    /Library/Ruby/Gems/1.8/gems/actionpack-2.2.2/lib/action_view/renderable.rb:39:in `send'
    /Library/Ruby/Gems/1.8/gems/actionpack-2.2.2/lib/action_view/renderable.rb:39:in `render'
    /Library/Ruby/Gems/1.8/gems/actionpack-2.2.2/lib/action_view/template.rb:73:in `render_template'
    /Library/Ruby/Gems/1.8/gems/actionpack-2.2.2/lib/action_view/base.rb:256:in `render'
    /Library/Ruby/Gems/1.8/gems/actionpack-2.2.2/lib/action_view/base.rb:367:in `_render_with_layout'
    /Library/Ruby/Gems/1.8/gems/actionpack-2.2.2/lib/action_view/base.rb:254:in `render'
    /Library/Ruby/Gems/1.8/gems/actionpack-2.2.2/lib/action_controller/base.rb:1174:in `render_for_file'
    /Library/Ruby/Gems/1.8/gems/actionpack-2.2.2/lib/action_controller/base.rb:896:in `render_without_benchmark'
    /Library/Ruby/Gems/1.8/gems/actionpack-2.2.2/lib/action_controller/benchmarking.rb:51:in `render'
    /Users/work/.gem/ruby/1.8/gems/activesupport-2.2.2/lib/active_support/core_ext/benchmark.rb:8:in `realtime'
    /Library/Ruby/Gems/1.8/gems/actionpack-2.2.2/lib/action_controller/benchmarking.rb:51:in `render'
    /Library/Ruby/Gems/1.8/gems/actionpack-2.2.2/lib/action_controller/base.rb:868:in `render_without_benchmark'
    /Library/Ruby/Gems/1.8/gems/actionpack-2.2.2/lib/action_controller/benchmarking.rb:51:in `render'
    /Users/work/.gem/ruby/1.8/gems/activesupport-2.2.2/lib/active_support/core_ext/benchmark.rb:8:in `realtime'
    /Library/Ruby/Gems/1.8/gems/actionpack-2.2.2/lib/action_controller/benchmarking.rb:51:in `render'
    /Library/Ruby/Gems/1.8/gems/actionpack-2.2.2/lib/action_controller/base.rb:1248:in `default_render'
    /Library/Ruby/Gems/1.8/gems/actionpack-2.2.2/lib/action_controller/base.rb:1259:in `perform_action_without_filters'
    /Library/Ruby/Gems/1.8/gems/actionpack-2.2.2/lib/action_controller/filters.rb:617:in `call_filters'
    /Library/Ruby/Gems/1.8/gems/actionpack-2.2.2/lib/action_controller/filters.rb:610:in `perform_action_without_benchmark'
    /Library/Ruby/Gems/1.8/gems/actionpack-2.2.2/lib/action_controller/benchmarking.rb:68:in `perform_action_without_rescue'
    /System/Library/Frameworks/Ruby.framework/Versions/1.8/usr/lib/ruby/1.8/benchmark.rb:293:in `measure'
    /Library/Ruby/Gems/1.8/gems/actionpack-2.2.2/lib/action_controller/benchmarking.rb:68:in `perform_action_without_rescue'
    /Library/Ruby/Gems/1.8/gems/actionpack-2.2.2/lib/action_controller/rescue.rb:136:in `perform_action_without_caching'
    /Library/Ruby/Gems/1.8/gems/actionpack-2.2.2/lib/action_controller/caching/sql_cache.rb:13:in `perform_action'
    /Users/work/.gem/ruby/1.8/gems/activerecord-2.2.2/lib/active_record/connection_adapters/abstract/query_cache.rb:34:in `cache'
    /Users/work/.gem/ruby/1.8/gems/activerecord-2.2.2/lib/active_record/query_cache.rb:8:in `cache'
    /Library/Ruby/Gems/1.8/gems/actionpack-2.2.2/lib/action_controller/caching/sql_cache.rb:12:in `perform_action'
    /Library/Ruby/Gems/1.8/gems/actionpack-2.2.2/lib/action_controller/base.rb:524:in `send'
    /Library/Ruby/Gems/1.8/gems/actionpack-2.2.2/lib/action_controller/base.rb:524:in `process_without_filters'
    /Library/Ruby/Gems/1.8/gems/actionpack-2.2.2/lib/action_controller/filters.rb:606:in `process_without_session_management_support'
    /Library/Ruby/Gems/1.8/gems/actionpack-2.2.2/lib/action_controller/session_management.rb:134:in `process'
    /Library/Ruby/Gems/1.8/gems/actionpack-2.2.2/lib/action_controller/base.rb:392:in `process'
    /Library/Ruby/Gems/1.8/gems/actionpack-2.2.2/lib/action_controller/dispatcher.rb:183:in `handle_request'
    /Library/Ruby/Gems/1.8/gems/actionpack-2.2.2/lib/action_controller/dispatcher.rb:110:in `dispatch_unlocked'
    /Library/Ruby/Gems/1.8/gems/actionpack-2.2.2/lib/action_controller/dispatcher.rb:123:in `dispatch'
    /Library/Ruby/Gems/1.8/gems/actionpack-2.2.2/lib/action_controller/dispatcher.rb:122:in `synchronize'
    /Library/Ruby/Gems/1.8/gems/actionpack-2.2.2/lib/action_controller/dispatcher.rb:122:in `dispatch'
    /Library/Ruby/Gems/1.8/gems/actionpack-2.2.2/lib/action_controller/dispatcher.rb:132:in `dispatch_cgi'
    /Library/Ruby/Gems/1.8/gems/actionpack-2.2.2/lib/action_controller/dispatcher.rb:39:in `dispatch'
    /Library/Ruby/Gems/1.8/gems/mongrel-1.1.5/lib/mongrel/rails.rb:76:in `process'
    /Library/Ruby/Gems/1.8/gems/mongrel-1.1.5/lib/mongrel/rails.rb:74:in `synchronize'
    /Library/Ruby/Gems/1.8/gems/mongrel-1.1.5/lib/mongrel/rails.rb:74:in `process'
    /Library/Ruby/Gems/1.8/gems/mongrel-1.1.5/lib/mongrel.rb:159:in `process_client'
    /Library/Ruby/Gems/1.8/gems/mongrel-1.1.5/lib/mongrel.rb:158:in `each'
    /Library/Ruby/Gems/1.8/gems/mongrel-1.1.5/lib/mongrel.rb:158:in `process_client'
    /Library/Ruby/Gems/1.8/gems/mongrel-1.1.5/lib/mongrel.rb:285:in `run'
    /Library/Ruby/Gems/1.8/gems/mongrel-1.1.5/lib/mongrel.rb:285:in `initialize'
    /Library/Ruby/Gems/1.8/gems/mongrel-1.1.5/lib/mongrel.rb:285:in `new'
    /Library/Ruby/Gems/1.8/gems/mongrel-1.1.5/lib/mongrel.rb:285:in `run'
    /Library/Ruby/Gems/1.8/gems/mongrel-1.1.5/lib/mongrel.rb:268:in `initialize'
    /Library/Ruby/Gems/1.8/gems/mongrel-1.1.5/lib/mongrel.rb:268:in `new'
    /Library/Ruby/Gems/1.8/gems/mongrel-1.1.5/lib/mongrel.rb:268:in `run'
    /Library/Ruby/Gems/1.8/gems/mongrel-1.1.5/lib/mongrel/configurator.rb:282:in `run'
    /Library/Ruby/Gems/1.8/gems/mongrel-1.1.5/lib/mongrel/configurator.rb:281:in `each'
    /Library/Ruby/Gems/1.8/gems/mongrel-1.1.5/lib/mongrel/configurator.rb:281:in `run'
    /Library/Ruby/Gems/1.8/gems/mongrel-1.1.5/bin/mongrel_rails:128:in `run'
    /Library/Ruby/Gems/1.8/gems/mongrel-1.1.5/lib/mongrel/command.rb:212:in `run'
    /Library/Ruby/Gems/1.8/gems/mongrel-1.1.5/bin/mongrel_rails:281
    /Users/work/.gem/ruby/1.8/gems/activesupport-2.2.2/lib/active_support/dependencies.rb:142:in `load_without_new_constant_marking'
    /Users/work/.gem/ruby/1.8/gems/activesupport-2.2.2/lib/active_support/dependencies.rb:142:in `load'
    /Users/work/.gem/ruby/1.8/gems/activesupport-2.2.2/lib/active_support/dependencies.rb:521:in `new_constants_in'
    /Users/work/.gem/ruby/1.8/gems/activesupport-2.2.2/lib/active_support/dependencies.rb:142:in `load'
    /Library/Ruby/Gems/1.8/gems/rails-2.2.2/lib/commands/servers/mongrel.rb:64
    /Library/Ruby/Site/1.8/rubygems/custom_require.rb:31:in `gem_original_require'
    /Library/Ruby/Site/1.8/rubygems/custom_require.rb:31:in `require'
    /Users/work/.gem/ruby/1.8/gems/activesupport-2.2.2/lib/active_support/dependencies.rb:153:in `require'
    /Users/work/.gem/ruby/1.8/gems/activesupport-2.2.2/lib/active_support/dependencies.rb:521:in `new_constants_in'
    /Users/work/.gem/ruby/1.8/gems/activesupport-2.2.2/lib/active_support/dependencies.rb:153:in `require'
    /Library/Ruby/Gems/1.8/gems/rails-2.2.2/lib/commands/server.rb:49
    /Library/Ruby/Site/1.8/rubygems/custom_require.rb:31:in `gem_original_require'
    /Library/Ruby/Site/1.8/rubygems/custom_require.rb:31:in `require'
    script/server:3

Rendered /Library/Ruby/Gems/1.8/gems/actionpack-2.2.2/lib/action_controller/templates/rescues/_trace (108.0ms)
Rendered /Library/Ruby/Gems/1.8/gems/actionpack-2.2.2/lib/action_controller/templates/rescues/_request_and_response (0.8ms)
Rendering /Library/Ruby/Gems/1.8/gems/actionpack-2.2.2/lib/action_controller/templates/rescues/layout.erb (internal_server_error)


Processing CategoriesController#update (for 127.0.0.1 at 2009-01-15 22:53:15) [PUT]
  Parameters: {"category"=>{"title"=>"new test categoriesk"}, "commit"=>"Update", "authenticity_token"=>"9b7ce5424370d1dda16b81c86b540b78b245dade", "id"=>"2"}
  [4;36;1mSQL (0.1ms)[0m   [0;1mSET NAMES 'utf8'[0m
  [4;35;1mSQL (0.1ms)[0m   [0mSET SQL_AUTO_IS_NULL=0[0m
  [4;36;1mCategory Columns (1.7ms)[0m   [0;1mSHOW FIELDS FROM `categories`[0m
  [4;35;1mCategory Load (0.2ms)[0m   [0mSELECT * FROM `categories` WHERE (`categories`.`id` = 2) [0m
  [4;36;1mSQL (0.1ms)[0m   [0;1mBEGIN[0m
  [4;35;1mCategory Exists (0.3ms)[0m   [0mSELECT `categories`.id FROM `categories` WHERE (`categories`.`title` = BINARY 'new test categoriesk' AND `categories`.id <> 2) LIMIT 1[0m
  [4;36;1mSQL (0.1ms)[0m   [0;1mCOMMIT[0m
Redirected to actionindex
Completed in 9ms (DB: 3) | 302 Found [http://localhost/categories/2]


Processing CategoriesController#index (for 127.0.0.1 at 2009-01-15 22:53:15) [GET]
  [4;35;1mSQL (0.1ms)[0m   [0mSET NAMES 'utf8'[0m
  [4;36;1mSQL (0.1ms)[0m   [0;1mSET SQL_AUTO_IS_NULL=0[0m
  [4;35;1mCategory Load (0.3ms)[0m   [0mSELECT * FROM `categories` ORDER BY title[0m
Rendering template within layouts/categories
Rendering categories/index
  [4;36;1mCategory Columns (1.6ms)[0m   [0;1mSHOW FIELDS FROM `categories`[0m
Completed in 11ms (View: 5, DB: 2) | 200 OK [http://localhost/categories]


Processing CategoriesController#index (for 127.0.0.1 at 2009-01-15 22:57:46) [GET]
  [4;35;1mSQL (0.1ms)[0m   [0mSET NAMES 'utf8'[0m
  [4;36;1mSQL (0.1ms)[0m   [0;1mSET SQL_AUTO_IS_NULL=0[0m
  [4;35;1mCategory Load (0.4ms)[0m   [0mSELECT * FROM `categories` ORDER BY title[0m
Rendering template within layouts/categories
Rendering categories/index
  [4;36;1mCategory Columns (15.0ms)[0m   [0;1mSHOW FIELDS FROM `categories`[0m
Completed in 27ms (View: 8, DB: 16) | 200 OK [http://localhost/categories]


Processing CategoriesController#index (for 127.0.0.1 at 2009-01-15 22:57:48) [GET]
  [4;35;1mSQL (0.1ms)[0m   [0mSET NAMES 'utf8'[0m
  [4;36;1mSQL (0.1ms)[0m   [0;1mSET SQL_AUTO_IS_NULL=0[0m
  [4;35;1mCategory Load (0.4ms)[0m   [0mSELECT * FROM `categories` ORDER BY title[0m
Rendering template within layouts/categories
Rendering categories/index
  [4;36;1mCategory Columns (1.9ms)[0m   [0;1mSHOW FIELDS FROM `categories`[0m
Completed in 12ms (View: 5, DB: 3) | 200 OK [http://localhost/categories]


Processing CategoriesController#new (for 127.0.0.1 at 2009-01-15 22:58:00) [GET]
  [4;35;1mSQL (0.1ms)[0m   [0mSET NAMES 'utf8'[0m
  [4;36;1mSQL (0.1ms)[0m   [0;1mSET SQL_AUTO_IS_NULL=0[0m
  [4;35;1mCategory Columns (12.4ms)[0m   [0mSHOW FIELDS FROM `categories`[0m
Rendering template within layouts/categories
Rendering categories/new
Completed in 25ms (View: 6, DB: 13) | 200 OK [http://localhost/categories/new]


Processing CategoriesController#create (for 127.0.0.1 at 2009-01-15 22:58:03) [POST]
  Parameters: {"category"=>{"title"=>"lll"}, "commit"=>"Create", "authenticity_token"=>"9b7ce5424370d1dda16b81c86b540b78b245dade"}
  [4;36;1mSQL (0.1ms)[0m   [0;1mSET NAMES 'utf8'[0m
  [4;35;1mSQL (0.1ms)[0m   [0mSET SQL_AUTO_IS_NULL=0[0m
  [4;36;1mCategory Columns (1.5ms)[0m   [0;1mSHOW FIELDS FROM `categories`[0m
  [4;35;1mSQL (0.1ms)[0m   [0mBEGIN[0m
  [4;36;1mCategory Exists (0.2ms)[0m   [0;1mSELECT `categories`.id FROM `categories` WHERE (`categories`.`title` = BINARY 'lll') LIMIT 1[0m
  [4;35;1mCategory Create (0.2ms)[0m   [0mINSERT INTO `categories` (`updated_at`, `title`, `created_at`) VALUES('2009-01-16 06:58:03', 'lll', '2009-01-16 06:58:03')[0m
  [4;36;1mSQL (9.8ms)[0m   [0;1mCOMMIT[0m
Redirected to actionindex
Completed in 19ms (DB: 12) | 302 Found [http://localhost/categories]


Processing CategoriesController#index (for 127.0.0.1 at 2009-01-15 22:58:03) [GET]
  [4;35;1mSQL (0.1ms)[0m   [0mSET NAMES 'utf8'[0m
  [4;36;1mSQL (0.1ms)[0m   [0;1mSET SQL_AUTO_IS_NULL=0[0m
  [4;35;1mCategory Load (0.4ms)[0m   [0mSELECT * FROM `categories` ORDER BY title[0m
Rendering template within layouts/categories
Rendering categories/index
  [4;36;1mCategory Columns (1.6ms)[0m   [0;1mSHOW FIELDS FROM `categories`[0m
Completed in 11ms (View: 6, DB: 2) | 200 OK [http://localhost/categories]


Processing CategoriesController#index (for 127.0.0.1 at 2009-01-15 22:58:58) [GET]
  [4;35;1mSQL (0.1ms)[0m   [0mSET NAMES 'utf8'[0m
  [4;36;1mSQL (0.1ms)[0m   [0;1mSET SQL_AUTO_IS_NULL=0[0m
  [4;35;1mCategory Load (0.4ms)[0m   [0mSELECT * FROM `categories` ORDER BY title[0m
Rendering template within layouts/categories
Rendering categories/index
  [4;36;1mCategory Columns (12.7ms)[0m   [0;1mSHOW FIELDS FROM `categories`[0m
Completed in 27ms (View: 9, DB: 13) | 200 OK [http://localhost/categories]
